#
# There is insufficient memory for the Java Runtime Environment to continue.
# Native memory allocation (malloc) failed to allocate 32784 bytes for Chunk::new
# Possible reasons:
#   The system is out of physical RAM or swap space
#   The process is running with CompressedOops enabled, and the Java Heap may be blocking the growth of the native heap
# Possible solutions:
#   Reduce memory load on the system
#   Increase physical memory or swap space
#   Check if swap backing store is full
#   Decrease Java heap size (-Xmx/-Xms)
#   Decrease number of Java threads
#   Decrease Java thread stack sizes (-Xss)
#   Set larger code cache with -XX:ReservedCodeCacheSize=
#   JVM is running with Zero Based Compressed Oops mode in which the Java heap is
#     placed in the first 32GB address space. The Java Heap base address is the
#     maximum limit for the native heap growth. Please use -XX:HeapBaseMinAddress
#     to set the Java Heap base and to place the Java Heap above 32GB virtual address.
# This output file may be truncated or incomplete.
#
#  Out of Memory Error (arena.cpp:184), pid=54412, tid=54460
#
# JRE version: Java(TM) SE Runtime Environment (19.0.1+10) (build 19.0.1+10-21)
# Java VM: Java HotSpot(TM) 64-Bit Server VM (19.0.1+10-21, mixed mode, sharing, tiered, compressed oops, compressed class ptrs, g1 gc, windows-amd64)
# No core dump will be written. Minidumps are not enabled by default on client versions of Windows
#

---------------  S U M M A R Y ------------

Command Line: -ea -Dfile.encoding=UTF-8 -XX:+ShowCodeDetailsInExceptionMessages org.testng.remote.RemoteTestNG -serport 54612 -protocol json -d C:\Users\uvoja\639Batch\Selenium_vandna\test-output C:\Users\uvoja\639Batch\Selenium_vandna\testng.xml

Host: 11th Gen Intel(R) Core(TM) i5-11320H @ 3.20GHz, 8 cores, 15G,  Windows 11 , 64 bit Build 22621 (10.0.22621.1344)
Time: Sun Mar 26 13:24:42 2023 Central Daylight Time elapsed time: 27.767730 seconds (0d 0h 0m 27s)

---------------  T H R E A D  ---------------

Current thread (0x00000167b0949d20):  JavaThread "C2 CompilerThread0" daemon [_thread_in_native, id=54460, stack(0x0000001ced700000,0x0000001ced800000)]


Current CompileTask:
C2:  27767 2871   !   4       java.util.zip.InflaterInputStream::read (122 bytes)

Stack: [0x0000001ced700000,0x0000001ced800000]
Native frames: (J=compiled Java code, j=interpreted, Vv=VM code, C=native code)
V  [jvm.dll+0x6ee8fa]
V  [jvm.dll+0x857a1e]
V  [jvm.dll+0x85940e]
V  [jvm.dll+0x859ac3]
V  [jvm.dll+0x28291f]
V  [jvm.dll+0xc9b5f]
V  [jvm.dll+0xc9ee5]
V  [jvm.dll+0x7159b5]
V  [jvm.dll+0x715de3]
V  [jvm.dll+0x71764b]
V  [jvm.dll+0x71639a]
V  [jvm.dll+0x24d27c]
V  [jvm.dll+0x24b563]
V  [jvm.dll+0x1d6d61]
V  [jvm.dll+0x25b0fa]
V  [jvm.dll+0x259588]
V  [jvm.dll+0x807928]
V  [jvm.dll+0x8015fa]
V  [jvm.dll+0x6ed5eb]
C  [ucrtbase.dll+0x29363]
C  [KERNEL32.DLL+0x126bd]
C  [ntdll.dll+0x5a9f8]


---------------  P R O C E S S  ---------------

Threads class SMR info:
_java_thread_list=0x00000167b5e72580, length=40, elements={
0x000001678d6c8270, 0x00000167b0933530, 0x00000167b0936070, 0x00000167b0939d30,
0x00000167b093a750, 0x00000167b093b170, 0x00000167b0943ba0, 0x00000167b0949d20,
0x00000167b094b6a0, 0x00000167b095c7d0, 0x00000167b4d0d150, 0x00000167b4d167b0,
0x00000167b53aa990, 0x00000167b5730c60, 0x00000167b57311a0, 0x00000167b57316e0,
0x00000167b5731c20, 0x00000167b5732160, 0x00000167b597d8b0, 0x00000167b597e8a0,
0x00000167b5980dd0, 0x00000167b597fde0, 0x00000167b5980330, 0x00000167b5b4a3b0,
0x00000167b5b483d0, 0x00000167b5b45950, 0x00000167b5b44eb0, 0x00000167b5b493c0,
0x00000167b5b49910, 0x00000167b5b43420, 0x00000167b5b4a900, 0x00000167b5b47930,
0x00000167b5b48920, 0x00000167b5b46940, 0x00000167b5b44960, 0x00000167b5b45ea0,
0x00000167b5b49e60, 0x00000167b5b463f0, 0x00000167b5b4ae50, 0x00000167b5b473e0
}

Java Threads: ( => current thread )
  0x000001678d6c8270 JavaThread "main" [_thread_in_vm, id=52880, stack(0x0000001ceca00000,0x0000001cecb00000)]
  0x00000167b0933530 JavaThread "Reference Handler" daemon [_thread_blocked, id=42360, stack(0x0000001ced100000,0x0000001ced200000)]
  0x00000167b0936070 JavaThread "Finalizer" daemon [_thread_blocked, id=27156, stack(0x0000001ced200000,0x0000001ced300000)]
  0x00000167b0939d30 JavaThread "Signal Dispatcher" daemon [_thread_blocked, id=31268, stack(0x0000001ced300000,0x0000001ced400000)]
  0x00000167b093a750 JavaThread "Attach Listener" daemon [_thread_blocked, id=54512, stack(0x0000001ced400000,0x0000001ced500000)]
  0x00000167b093b170 JavaThread "Service Thread" daemon [_thread_blocked, id=53792, stack(0x0000001ced500000,0x0000001ced600000)]
  0x00000167b0943ba0 JavaThread "Monitor Deflation Thread" daemon [_thread_blocked, id=7996, stack(0x0000001ced600000,0x0000001ced700000)]
=>0x00000167b0949d20 JavaThread "C2 CompilerThread0" daemon [_thread_in_native, id=54460, stack(0x0000001ced700000,0x0000001ced800000)]
  0x00000167b094b6a0 JavaThread "C1 CompilerThread0" daemon [_thread_in_native, id=53816, stack(0x0000001ced800000,0x0000001ced900000)]
  0x00000167b095c7d0 JavaThread "Sweeper thread" daemon [_thread_blocked, id=54464, stack(0x0000001ced900000,0x0000001ceda00000)]
  0x00000167b4d0d150 JavaThread "Notification Thread" daemon [_thread_blocked, id=24804, stack(0x0000001ceda00000,0x0000001cedb00000)]
  0x00000167b4d167b0 JavaThread "Common-Cleaner" daemon [_thread_blocked, id=50620, stack(0x0000001cedc00000,0x0000001cedd00000)]
  0x00000167b53aa990 JavaThread "ReaderThread" [_thread_in_native, id=34884, stack(0x0000001cee000000,0x0000001cee100000)]
  0x00000167b5730c60 JavaThread "ForkJoinPool.commonPool-worker-1" daemon [_thread_blocked, id=54492, stack(0x0000001cee700000,0x0000001cee800000)]
  0x00000167b57311a0 JavaThread "ForkJoinPool.commonPool-worker-2" daemon [_thread_blocked, id=43532, stack(0x0000001cee800000,0x0000001cee900000)]
  0x00000167b57316e0 JavaThread "ForkJoinPool.commonPool-worker-3" daemon [_thread_blocked, id=27676, stack(0x0000001cee900000,0x0000001ceea00000)]
  0x00000167b5731c20 JavaThread "ForkJoinPool.commonPool-worker-4" daemon [_thread_blocked, id=54228, stack(0x0000001ceea00000,0x0000001ceeb00000)]
  0x00000167b5732160 JavaThread "ForkJoinPool.commonPool-worker-5" daemon [_thread_blocked, id=54660, stack(0x0000001ceeb00000,0x0000001ceec00000)]
  0x00000167b597d8b0 JavaThread "ForkJoinPool.commonPool-worker-7" daemon [_thread_blocked, id=54868, stack(0x0000001ceec00000,0x0000001ceed00000)]
  0x00000167b597e8a0 JavaThread "ForkJoinPool.commonPool-worker-6" daemon [_thread_blocked, id=42900, stack(0x0000001ceed00000,0x0000001ceee00000)]
  0x00000167b5980dd0 JavaThread "AsyncHttpClient-1-1" daemon [_thread_blocked, id=34148, stack(0x0000001cede00000,0x0000001cedf00000)]
  0x00000167b597fde0 JavaThread "AsyncHttpClient-1-2" daemon [_thread_in_native, id=39308, stack(0x0000001cef400000,0x0000001cef500000)]
  0x00000167b5980330 JavaThread "AsyncHttpClient-1-3" daemon [_thread_in_native, id=9816, stack(0x0000001cef500000,0x0000001cef600000)]
  0x00000167b5b4a3b0 JavaThread "AsyncHttpClient-1-4" daemon [_thread_in_native, id=40456, stack(0x0000001cef600000,0x0000001cef700000)]
  0x00000167b5b483d0 JavaThread "Exec Default Executor" daemon [_thread_in_native, id=50156, stack(0x0000001ceef00000,0x0000001cef000000)]
  0x00000167b5b45950 JavaThread "Exec Stream Pumper" daemon [_thread_in_native, id=1236, stack(0x0000001cef000000,0x0000001cef100000)]
  0x00000167b5b44eb0 JavaThread "Exec Stream Pumper" daemon [_thread_in_native, id=48284, stack(0x0000001cef100000,0x0000001cef200000)]
  0x00000167b5b493c0 JavaThread "Driver Service Executor" daemon [_thread_blocked, id=53920, stack(0x0000001cef200000,0x0000001cef300000)]
  0x00000167b5b49910 JavaThread "Driver Service Executor" daemon [_thread_blocked, id=52352, stack(0x0000001cef300000,0x0000001cef400000)]
  0x00000167b5b43420 JavaThread "AsyncHttpClient-1-5" daemon [_thread_in_native, id=51260, stack(0x0000001cef700000,0x0000001cef800000)]
  0x00000167b5b4a900 JavaThread "AsyncHttpClient-1-6" daemon [_thread_in_native, id=49484, stack(0x0000001cef800000,0x0000001cef900000)]
  0x00000167b5b47930 JavaThread "AsyncHttpClient-1-7" daemon [_thread_in_native, id=40788, stack(0x0000001cefe00000,0x0000001ceff00000)]
  0x00000167b5b48920 JavaThread "AsyncHttpClient-1-8" daemon [_thread_in_native, id=54076, stack(0x0000001ceff00000,0x0000001cf0000000)]
  0x00000167b5b46940 JavaThread "Exec Default Executor" daemon [_thread_in_native, id=54208, stack(0x0000001cef900000,0x0000001cefa00000)]
  0x00000167b5b44960 JavaThread "Exec Stream Pumper" daemon [_thread_in_native, id=52768, stack(0x0000001cefa00000,0x0000001cefb00000)]
  0x00000167b5b45ea0 JavaThread "Exec Stream Pumper" daemon [_thread_in_native, id=54444, stack(0x0000001cefb00000,0x0000001cefc00000)]
  0x00000167b5b49e60 JavaThread "Driver Service Executor" daemon [_thread_blocked, id=39668, stack(0x0000001cefc00000,0x0000001cefd00000)]
  0x00000167b5b463f0 JavaThread "Driver Service Executor" daemon [_thread_blocked, id=54708, stack(0x0000001cefd00000,0x0000001cefe00000)]
  0x00000167b5b4ae50 JavaThread "AsyncHttpClient-1-9" daemon [_thread_in_native, id=54720, stack(0x0000001cf0000000,0x0000001cf0100000)]
  0x00000167b5b473e0 JavaThread "AsyncHttpClient-1-10" daemon [_thread_in_native, id=54152, stack(0x0000001cf0100000,0x0000001cf0200000)]

Other Threads:
  0x00000167b091c5d0 VMThread "VM Thread" [stack: 0x0000001ced000000,0x0000001ced100000] [id=37136]
  0x00000167b4d122e0 WatcherThread "VM Periodic Task Thread" [stack: 0x0000001cedb00000,0x0000001cedc00000] [id=13424]
  0x000001678d738370 WorkerThread "GC Thread#0" [stack: 0x0000001cecb00000,0x0000001cecc00000] [id=55044]
  0x00000167b59cdea0 WorkerThread "GC Thread#1" [stack: 0x0000001cee100000,0x0000001cee200000] [id=54544]
  0x00000167b59ce170 WorkerThread "GC Thread#2" [stack: 0x0000001cee200000,0x0000001cee300000] [id=52008]
  0x00000167b59ce440 WorkerThread "GC Thread#3" [stack: 0x0000001cee300000,0x0000001cee400000] [id=26836]
  0x00000167b59ce710 WorkerThread "GC Thread#4" [stack: 0x0000001cee400000,0x0000001cee500000] [id=52900]
  0x00000167b5536c80 WorkerThread "GC Thread#5" [stack: 0x0000001cee500000,0x0000001cee600000] [id=54504]
  0x00000167b55366e0 WorkerThread "GC Thread#6" [stack: 0x0000001cee600000,0x0000001cee700000] [id=13116]
  0x00000167b5536410 WorkerThread "GC Thread#7" [stack: 0x0000001ceee00000,0x0000001ceef00000] [id=48664]
  0x000001678d749030 ConcurrentGCThread "G1 Main Marker" [stack: 0x0000001cecc00000,0x0000001cecd00000] [id=54380]
  0x000001678d74b250 WorkerThread "G1 Conc#0" [stack: 0x0000001cecd00000,0x0000001cece00000] [id=54356]
  0x00000167b55358d0 WorkerThread "G1 Conc#1" [stack: 0x0000001cedd00000,0x0000001cede00000] [id=55132]
  0x000001678d77e9d0 ConcurrentGCThread "G1 Refine#0" [stack: 0x0000001cece00000,0x0000001cecf00000] [id=54772]
  0x00000167b07d6020 ConcurrentGCThread "G1 Service" [stack: 0x0000001cecf00000,0x0000001ced000000] [id=34028]

Threads with active compile tasks:
C2 CompilerThread0    27785 2871   !   4       java.util.zip.InflaterInputStream::read (122 bytes)
C1 CompilerThread0    27785 2873   !   3       java.util.jar.Attributes::read (494 bytes)

VM state: not at safepoint (normal execution)

VM Mutex/Monitor currently owned by a thread: None

Heap address: 0x0000000704000000, size: 4032 MB, Compressed Oops mode: Zero based, Oop shift amount: 3

CDS archive(s) mapped at: [0x0000000800000000-0x0000000800c40000-0x0000000800c40000), size 12845056, SharedBaseAddress: 0x0000000800000000, ArchiveRelocationMode: 0.
Compressed class space mapped at: 0x0000000801000000-0x0000000841000000, reserved size: 1073741824
Narrow klass base: 0x0000000800000000, Narrow klass shift: 0, Narrow klass range: 0x100000000

GC Precious Log:
 CardTable entry size: 512
 Card Set container configuration: InlinePtr #cards 4 size 8 Array Of Cards #cards 16 size 48 Howl #buckets 8 coarsen threshold 3686 Howl Bitmap #cards 512 size 80 coarsen threshold 460 Card regions per heap region 1 cards per card region 4096
 CPUs: 8 total, 8 available
 Memory: 16122M
 Large Page Support: Disabled
 NUMA Support: Disabled
 Compressed Oops: Enabled (Zero based)
 Heap Region Size: 2M
 Heap Min Capacity: 8M
 Heap Initial Capacity: 252M
 Heap Max Capacity: 4032M
 Pre-touch: Disabled
 Parallel Workers: 8
 Concurrent Workers: 2
 Concurrent Refinement Workers: 8
 Periodic GC: Disabled

Heap:
 garbage-first heap   total 75776K, used 63290K [0x0000000704000000, 0x0000000800000000)
  region size 2048K, 14 young (28672K), 3 survivors (6144K)
 Metaspace       used 23842K, committed 24256K, reserved 1114112K
  class space    used 2816K, committed 3008K, reserved 1048576K

Heap Regions: E=young(eden), S=young(survivor), O=old, HS=humongous(starts), HC=humongous(continues), CS=collection set, F=free, OA=open archive, CA=closed archive, TAMS=top-at-mark-start (previous, next)
|   0|0x0000000704000000, 0x0000000704200000, 0x0000000704200000|100%| O|  |TAMS 0x0000000704200000, 0x0000000704000000| Untracked 
|   1|0x0000000704200000, 0x0000000704400000, 0x0000000704400000|100%| O|  |TAMS 0x0000000704400000, 0x0000000704200000| Untracked 
|   2|0x0000000704400000, 0x0000000704600000, 0x0000000704600000|100%| O|  |TAMS 0x0000000704600000, 0x0000000704400000| Untracked 
|   3|0x0000000704600000, 0x000000070474e800, 0x0000000704800000| 65%| O|  |TAMS 0x000000070474e800, 0x0000000704600000| Complete 
|   4|0x0000000704800000, 0x0000000704a00000, 0x0000000704a00000|100%|HS|  |TAMS 0x0000000704a00000, 0x0000000704800000| Complete 
|   5|0x0000000704a00000, 0x0000000704c00000, 0x0000000704c00000|100%|HC|  |TAMS 0x0000000704c00000, 0x0000000704a00000| Complete 
|   6|0x0000000704c00000, 0x0000000704e00000, 0x0000000704e00000|100%|HC|  |TAMS 0x0000000704e00000, 0x0000000704c00000| Complete 
|   7|0x0000000704e00000, 0x0000000705000000, 0x0000000705000000|100%|HS|  |TAMS 0x0000000704e00000, 0x0000000704e00000| Complete 
|   8|0x0000000705000000, 0x0000000705200000, 0x0000000705200000|100%|HC|  |TAMS 0x0000000705000000, 0x0000000705000000| Complete 
|   9|0x0000000705200000, 0x0000000705400000, 0x0000000705400000|100%|HC|  |TAMS 0x0000000705200000, 0x0000000705200000| Complete 
|  10|0x0000000705400000, 0x0000000705600000, 0x0000000705600000|100%|HS|  |TAMS 0x0000000705400000, 0x0000000705400000| Complete 
|  11|0x0000000705600000, 0x0000000705800000, 0x0000000705800000|100%|HC|  |TAMS 0x0000000705600000, 0x0000000705600000| Complete 
|  12|0x0000000705800000, 0x0000000705a00000, 0x0000000705a00000|100%|HC|  |TAMS 0x0000000705800000, 0x0000000705800000| Complete 
|  13|0x0000000705a00000, 0x0000000705c00000, 0x0000000705c00000|100%|HS|  |TAMS 0x0000000705a00000, 0x0000000705a00000| Complete 
|  14|0x0000000705c00000, 0x0000000705e00000, 0x0000000705e00000|100%|HC|  |TAMS 0x0000000705c00000, 0x0000000705c00000| Complete 
|  15|0x0000000705e00000, 0x0000000706000000, 0x0000000706000000|100%|HC|  |TAMS 0x0000000705e00000, 0x0000000705e00000| Complete 
|  16|0x0000000706000000, 0x0000000706200000, 0x0000000706200000|100%|HS|  |TAMS 0x0000000706000000, 0x0000000706000000| Complete 
|  17|0x0000000706200000, 0x0000000706400000, 0x0000000706400000|100%|HC|  |TAMS 0x0000000706200000, 0x0000000706200000| Complete 
|  18|0x0000000706400000, 0x0000000706600000, 0x0000000706600000|100%|HC|  |TAMS 0x0000000706400000, 0x0000000706400000| Complete 
|  19|0x0000000706600000, 0x0000000706600000, 0x0000000706800000|  0%| F|  |TAMS 0x0000000706600000, 0x0000000706600000| Untracked 
|  20|0x0000000706800000, 0x0000000706800000, 0x0000000706a00000|  0%| F|  |TAMS 0x0000000706800000, 0x0000000706800000| Untracked 
|  21|0x0000000706a00000, 0x0000000706a00000, 0x0000000706c00000|  0%| F|  |TAMS 0x0000000706a00000, 0x0000000706a00000| Untracked 
|  22|0x0000000706c00000, 0x0000000706c00000, 0x0000000706e00000|  0%| F|  |TAMS 0x0000000706c00000, 0x0000000706c00000| Untracked 
|  23|0x0000000706e00000, 0x0000000706f00800, 0x0000000707000000| 50%| E|  |TAMS 0x0000000706e00000, 0x0000000706e00000| Complete 
|  24|0x0000000707000000, 0x0000000707200000, 0x0000000707200000|100%| E|CS|TAMS 0x0000000707000000, 0x0000000707000000| Complete 
|  25|0x0000000707200000, 0x0000000707400000, 0x0000000707400000|100%| E|CS|TAMS 0x0000000707200000, 0x0000000707200000| Complete 
|  26|0x0000000707400000, 0x0000000707600000, 0x0000000707600000|100%| E|CS|TAMS 0x0000000707400000, 0x0000000707400000| Complete 
|  27|0x0000000707600000, 0x0000000707800000, 0x0000000707800000|100%| E|CS|TAMS 0x0000000707600000, 0x0000000707600000| Complete 
|  28|0x0000000707800000, 0x0000000707a00000, 0x0000000707a00000|100%| E|CS|TAMS 0x0000000707800000, 0x0000000707800000| Complete 
|  29|0x0000000707a00000, 0x0000000707c00000, 0x0000000707c00000|100%| E|CS|TAMS 0x0000000707a00000, 0x0000000707a00000| Complete 
|  30|0x0000000707c00000, 0x0000000707e00000, 0x0000000707e00000|100%| E|CS|TAMS 0x0000000707c00000, 0x0000000707c00000| Complete 
|  31|0x0000000707e00000, 0x0000000708000000, 0x0000000708000000|100%| E|CS|TAMS 0x0000000707e00000, 0x0000000707e00000| Complete 
|  32|0x0000000708000000, 0x0000000708200000, 0x0000000708200000|100%| E|CS|TAMS 0x0000000708000000, 0x0000000708000000| Complete 
| 109|0x0000000711a00000, 0x0000000711a80020, 0x0000000711c00000| 25%| S|CS|TAMS 0x0000000711a00000, 0x0000000711a00000| Complete 
| 110|0x0000000711c00000, 0x0000000711e00000, 0x0000000711e00000|100%| S|CS|TAMS 0x0000000711c00000, 0x0000000711c00000| Complete 
| 111|0x0000000711e00000, 0x0000000712000000, 0x0000000712000000|100%| S|CS|TAMS 0x0000000711e00000, 0x0000000711e00000| Complete 
| 125|0x0000000713a00000, 0x0000000713c00000, 0x0000000713c00000|100%| E|CS|TAMS 0x0000000713a00000, 0x0000000713a00000| Complete 

Card table byte_map: [0x00000167a5130000,0x00000167a5910000] _byte_map_base: 0x00000167a1910000

Marking Bits (Prev, Next): (CMBitMap*) 0x000001678d7389e0, (CMBitMap*) 0x000001678d7389a0
 Prev Bits: [0x00000167a9ff0000, 0x00000167adef0000)
 Next Bits: [0x00000167a60f0000, 0x00000167a9ff0000)

Polling page: 0x000001678b610000

Metaspace:

Usage:
  Non-class:     20.55 MB used.
      Class:      2.75 MB used.
       Both:     23.30 MB used.

Virtual space:
  Non-class space:       64.00 MB reserved,      20.75 MB ( 32%) committed,  1 nodes.
      Class space:        1.00 GB reserved,       2.94 MB ( <1%) committed,  1 nodes.
             Both:        1.06 GB reserved,      23.69 MB (  2%) committed. 

Chunk freelists:
   Non-Class:  2.33 MB
       Class:  977.00 KB
        Both:  3.28 MB

MaxMetaspaceSize: unlimited
CompressedClassSpaceSize: 1.00 GB
Initial GC threshold: 21.00 MB
Current GC threshold: 35.25 MB
CDS: on
MetaspaceReclaimPolicy: balanced
 - commit_granule_bytes: 65536.
 - commit_granule_words: 8192.
 - virtual_space_node_default_size: 8388608.
 - enlarge_chunks_in_place: 1.
 - new_chunks_are_fully_committed: 0.
 - uncommit_free_chunks: 1.
 - use_allocation_guard: 0.


Internal statistics:

num_allocs_failed_limit: 5.
num_arena_births: 394.
num_arena_deaths: 0.
num_vsnodes_births: 2.
num_vsnodes_deaths: 0.
num_space_committed: 379.
num_space_uncommitted: 0.
num_chunks_returned_to_freelist: 5.
num_chunks_taken_from_freelist: 1039.
num_chunk_merges: 2.
num_chunk_splits: 713.
num_chunks_enlarged: 552.
num_inconsistent_stats: 0.

CodeHeap 'non-profiled nmethods': size=120000Kb used=1025Kb max_used=1025Kb free=118974Kb
 bounds [0x000001679d0f0000, 0x000001679d360000, 0x00000167a4620000]
CodeHeap 'profiled nmethods': size=120000Kb used=5298Kb max_used=5298Kb free=114701Kb
 bounds [0x0000016795620000, 0x0000016795b50000, 0x000001679cb50000]
CodeHeap 'non-nmethods': size=5760Kb used=1398Kb max_used=1427Kb free=4361Kb
 bounds [0x000001679cb50000, 0x000001679cdc0000, 0x000001679d0f0000]
 total_blobs=3485 nmethods=2867 adapters=528
 compilation: enabled
              stopped_count=0, restarted_count=0
 full_count=0

Compilation events (20 events):
Event: 27.751 Thread 0x00000167b094b6a0 nmethod 2861 0x0000016795b48210 code [0x0000016795b483c0, 0x0000016795b485e8]
Event: 27.751 Thread 0x00000167b094b6a0 2862       3       java.lang.Throwable$WrappedPrintWriter::println (9 bytes)
Event: 27.751 Thread 0x00000167b094b6a0 nmethod 2862 0x0000016795b48690 code [0x0000016795b48840, 0x0000016795b48988]
Event: 27.751 Thread 0x00000167b094b6a0 2863       1       org.testng.internal.TestResult::getMethod (5 bytes)
Event: 27.751 Thread 0x00000167b094b6a0 nmethod 2863 0x000001679d1f0190 code [0x000001679d1f0320, 0x000001679d1f03f8]
Event: 27.751 Thread 0x00000167b094b6a0 2864   !   3       java.io.BufferedWriter::write (70 bytes)
Event: 27.752 Thread 0x00000167b094b6a0 nmethod 2864 0x0000016795b48a90 code [0x0000016795b48d20, 0x0000016795b49bb8]
Event: 27.752 Thread 0x00000167b094b6a0 2866       3       java.lang.invoke.DirectMethodHandle$Accessor::checkCast (9 bytes)
Event: 27.752 Thread 0x00000167b0949d20 2868       4       java.lang.Object::equals (11 bytes)
Event: 27.752 Thread 0x00000167b094b6a0 nmethod 2866 0x0000016795b4a090 code [0x0000016795b4a260, 0x0000016795b4a598]
Event: 27.752 Thread 0x00000167b094b6a0 2865       3       java.io.BufferedWriter::implWrite (43 bytes)
Event: 27.752 Thread 0x00000167b0949d20 nmethod 2868 0x000001679d1f0490 code [0x000001679d1f0600, 0x000001679d1f0678]
Event: 27.752 Thread 0x00000167b094b6a0 nmethod 2865 0x0000016795b4a710 code [0x0000016795b4a900, 0x0000016795b4ac88]
Event: 27.752 Thread 0x00000167b094b6a0 2867       3       java.lang.invoke.LambdaForm$MH/0x0000000801009800::invoke (36 bytes)
Event: 27.752 Thread 0x00000167b094b6a0 nmethod 2867 0x0000016795b4ae10 code [0x0000016795b4b020, 0x0000016795b4b9f8]
Event: 27.752 Thread 0x00000167b094b6a0 2869       3       java.util.Collections$UnmodifiableCollection::<init> (22 bytes)
Event: 27.752 Thread 0x00000167b094b6a0 nmethod 2869 0x0000016795b4bc10 code [0x0000016795b4bdc0, 0x0000016795b4c088]
Event: 27.752 Thread 0x00000167b094b6a0 2870       3       java.security.MessageDigest::update (11 bytes)
Event: 27.753 Thread 0x00000167b094b6a0 nmethod 2870 0x0000016795b4c190 code [0x0000016795b4c340, 0x0000016795b4c608]
Event: 27.763 Thread 0x00000167b0949d20 2871   !   4       java.util.zip.InflaterInputStream::read (122 bytes)

GC Heap History (6 events):
Event: 0.439 GC heap before
{Heap before GC invocations=0 (full 0):
 garbage-first heap   total 258048K, used 20480K [0x0000000704000000, 0x0000000800000000)
  region size 2048K, 11 young (22528K), 0 survivors (0K)
 Metaspace       used 6577K, committed 6848K, reserved 1114112K
  class space    used 698K, committed 832K, reserved 1048576K
}
Event: 0.442 GC heap after
{Heap after GC invocations=1 (full 0):
 garbage-first heap   total 258048K, used 7117K [0x0000000704000000, 0x0000000800000000)
  region size 2048K, 2 young (4096K), 2 survivors (4096K)
 Metaspace       used 6577K, committed 6848K, reserved 1114112K
  class space    used 698K, committed 832K, reserved 1048576K
}
Event: 1.005 GC heap before
{Heap before GC invocations=1 (full 0):
 garbage-first heap   total 258048K, used 27597K [0x0000000704000000, 0x0000000800000000)
  region size 2048K, 12 young (24576K), 2 survivors (4096K)
 Metaspace       used 12150K, committed 12480K, reserved 1114112K
  class space    used 1409K, committed 1600K, reserved 1048576K
}
Event: 1.008 GC heap after
{Heap after GC invocations=2 (full 0):
 garbage-first heap   total 258048K, used 9260K [0x0000000704000000, 0x0000000800000000)
  region size 2048K, 1 young (2048K), 1 survivors (2048K)
 Metaspace       used 12150K, committed 12480K, reserved 1114112K
  class space    used 1409K, committed 1600K, reserved 1048576K
}
Event: 3.309 GC heap before
{Heap before GC invocations=2 (full 0):
 garbage-first heap   total 258048K, used 39980K [0x0000000704000000, 0x0000000800000000)
  region size 2048K, 14 young (28672K), 1 survivors (2048K)
 Metaspace       used 21205K, committed 21504K, reserved 1114112K
  class space    used 2513K, committed 2688K, reserved 1048576K
}
Event: 3.312 GC heap after
{Heap after GC invocations=3 (full 0):
 garbage-first heap   total 258048K, used 18234K [0x0000000704000000, 0x0000000800000000)
  region size 2048K, 3 young (6144K), 3 survivors (6144K)
 Metaspace       used 21205K, committed 21504K, reserved 1114112K
  class space    used 2513K, committed 2688K, reserved 1048576K
}

Dll operation events (11 events):
Event: 0.006 Loaded shared library C:\Program Files\Java\jdk-19\bin\java.dll
Event: 0.013 Loaded shared library C:\Program Files\Java\jdk-19\bin\jsvml.dll
Event: 0.063 Loaded shared library C:\Program Files\Java\jdk-19\bin\net.dll
Event: 0.064 Loaded shared library C:\Program Files\Java\jdk-19\bin\nio.dll
Event: 0.067 Loaded shared library C:\Program Files\Java\jdk-19\bin\zip.dll
Event: 0.176 Loaded shared library C:\Program Files\Java\jdk-19\bin\jimage.dll
Event: 0.199 Loaded shared library C:\Program Files\Java\jdk-19\bin\verify.dll
Event: 0.240 Loaded shared library C:\Program Files\Java\jdk-19\bin\extnet.dll
Event: 0.955 Loaded shared library C:\Program Files\Java\jdk-19\bin\management.dll
Event: 0.959 Loaded shared library C:\Program Files\Java\jdk-19\bin\management_ext.dll
Event: 1.114 Loaded shared library C:\Program Files\Java\jdk-19\bin\sunmscapi.dll

Deoptimization events (20 events):
Event: 3.376 Thread 0x000001678d6c8270 Uncommon trap: trap_request=0xffffff45 fr.pc=0x000001679d178fc0 relative=0x0000000000000d20
Event: 3.376 Thread 0x000001678d6c8270 Uncommon trap: reason=unstable_if action=reinterpret pc=0x000001679d178fc0 method=java.util.concurrent.ConcurrentHashMap.putVal(Ljava/lang/Object;Ljava/lang/Object;Z)Ljava/lang/Object; @ 231 c2
Event: 3.376 Thread 0x000001678d6c8270 DEOPT PACKING pc=0x000001679d178fc0 sp=0x0000001cecafdd60
Event: 3.376 Thread 0x000001678d6c8270 DEOPT UNPACKING pc=0x000001679cbba5a3 sp=0x0000001cecafdcc0 mode 2
Event: 3.427 Thread 0x000001678d6c8270 Uncommon trap: trap_request=0xffffff45 fr.pc=0x000001679d15190c relative=0x000000000000026c
Event: 3.427 Thread 0x000001678d6c8270 Uncommon trap: reason=unstable_if action=reinterpret pc=0x000001679d15190c method=java.util.concurrent.ConcurrentHashMap.get(Ljava/lang/Object;)Ljava/lang/Object; @ 76 c2
Event: 3.427 Thread 0x000001678d6c8270 DEOPT PACKING pc=0x000001679d15190c sp=0x0000001cecafdee0
Event: 3.427 Thread 0x000001678d6c8270 DEOPT UNPACKING pc=0x000001679cbba5a3 sp=0x0000001cecafde58 mode 2
Event: 9.466 Thread 0x000001678d6c8270 Uncommon trap: trap_request=0xfffffff4 fr.pc=0x000001679d199264 relative=0x0000000000000824
Event: 9.466 Thread 0x000001678d6c8270 Uncommon trap: reason=null_check action=make_not_entrant pc=0x000001679d199264 method=java.util.ArrayList.add(Ljava/lang/Object;[Ljava/lang/Object;I)V @ 14 c2
Event: 9.466 Thread 0x000001678d6c8270 DEOPT PACKING pc=0x000001679d199264 sp=0x0000001cecafde00
Event: 9.466 Thread 0x000001678d6c8270 DEOPT UNPACKING pc=0x000001679cbba5a3 sp=0x0000001cecafdd68 mode 2
Event: 24.389 Thread 0x000001678d6c8270 Uncommon trap: trap_request=0xffffff45 fr.pc=0x000001679d1684c4 relative=0x0000000000000224
Event: 24.389 Thread 0x000001678d6c8270 Uncommon trap: reason=unstable_if action=reinterpret pc=0x000001679d1684c4 method=java.util.HashMap.hash(Ljava/lang/Object;)I @ 1 c2
Event: 24.389 Thread 0x000001678d6c8270 DEOPT PACKING pc=0x000001679d1684c4 sp=0x0000001cecafdef0
Event: 24.389 Thread 0x000001678d6c8270 DEOPT UNPACKING pc=0x000001679cbba5a3 sp=0x0000001cecafdde8 mode 2
Event: 24.392 Thread 0x000001678d6c8270 Uncommon trap: trap_request=0xffffff45 fr.pc=0x000001679d1536b8 relative=0x0000000000000098
Event: 24.392 Thread 0x000001678d6c8270 Uncommon trap: reason=unstable_if action=reinterpret pc=0x000001679d1536b8 method=java.util.HashMap.hash(Ljava/lang/Object;)I @ 1 c2
Event: 24.392 Thread 0x000001678d6c8270 DEOPT PACKING pc=0x000001679d1536b8 sp=0x0000001cecafde40
Event: 24.392 Thread 0x000001678d6c8270 DEOPT UNPACKING pc=0x000001679cbba5a3 sp=0x0000001cecafddd8 mode 2

Classes loaded (20 events):
Event: 15.594 Loading class java/util/concurrent/CompletableFuture$UniExceptionally
Event: 15.594 Loading class java/util/concurrent/CompletableFuture$UniCompletion
Event: 15.594 Loading class java/util/concurrent/CompletableFuture$UniCompletion done
Event: 15.594 Loading class java/util/concurrent/CompletableFuture$UniExceptionally done
Event: 15.603 Loading class java/lang/Deprecated
Event: 15.603 Loading class java/lang/Deprecated done
Event: 16.236 Loading class sun/net/ConnectionResetException
Event: 16.237 Loading class sun/net/ConnectionResetException done
Event: 21.642 Loading class java/net/InetAddress$CachedLocalHost
Event: 21.642 Loading class java/net/InetAddress$CachedLocalHost done
Event: 21.643 Loading class sun/misc/SharedSecrets
Event: 21.643 Loading class sun/misc/SharedSecrets done
Event: 21.710 Loading class java/lang/invoke/WrongMethodTypeException
Event: 21.710 Loading class java/lang/invoke/WrongMethodTypeException done
Event: 21.711 Loading class java/lang/Throwable$WrappedPrintWriter
Event: 21.711 Loading class java/lang/Throwable$PrintStreamOrWriter
Event: 21.711 Loading class java/lang/Throwable$PrintStreamOrWriter done
Event: 21.711 Loading class java/lang/Throwable$WrappedPrintWriter done
Event: 27.750 Loading class java/util/concurrent/CompletionException
Event: 27.750 Loading class java/util/concurrent/CompletionException done

Classes unloaded (0 events):
No events

Classes redefined (0 events):
No events

Internal exceptions (20 events):
Event: 1.317 Thread 0x000001678d6c8270 Exception <a 'java/lang/NoSuchMethodError'{0x0000000712c57950}: 'float java.lang.invoke.DirectMethodHandle$Holder.invokeVirtual(java.lang.Object, java.lang.Object)'> (0x0000000712c57950) 
thrown [s\open\src\hotspot\share\interpreter\linkResolver.cpp, line 774]
Event: 1.317 Thread 0x000001678d6c8270 Exception <a 'java/lang/NoSuchMethodError'{0x0000000712c609f8}: 'long java.lang.invoke.DirectMethodHandle$Holder.invokeVirtual(java.lang.Object, java.lang.Object)'> (0x0000000712c609f8) 
thrown [s\open\src\hotspot\share\interpreter\linkResolver.cpp, line 774]
Event: 1.320 Thread 0x000001678d6c8270 Exception <a 'java/lang/NoSuchMethodError'{0x0000000712c8e6c8}: 'java.lang.Object java.lang.invoke.DirectMethodHandle$Holder.invokeVirtual(java.lang.Object, java.lang.Object, java.lang.Object)'> (0x0000000712c8e6c8) 
thrown [s\open\src\hotspot\share\interpreter\linkResolver.cpp, line 774]
Event: 1.334 Thread 0x000001678d6c8270 Exception <a 'java/lang/NoSuchMethodError'{0x0000000712d9ca60}: 'void java.lang.invoke.DirectMethodHandle$Holder.invokeStatic(java.lang.Object, java.lang.Object, int)'> (0x0000000712d9ca60) 
thrown [s\open\src\hotspot\share\interpreter\linkResolver.cpp, line 774]
Event: 1.364 Thread 0x000001678d6c8270 Exception <a 'java/lang/NoSuchMethodError'{0x0000000712b8d860}: 'int java.lang.invoke.DirectMethodHandle$Holder.invokeSpecialIFC(java.lang.Object, java.lang.Object, java.lang.Object)'> (0x0000000712b8d860) 
thrown [s\open\src\hotspot\share\interpreter\linkResolver.cpp, line 774]
Event: 1.372 Thread 0x000001678d6c8270 Exception <a 'java/lang/NoSuchMethodError'{0x0000000712803860}: 'void java.lang.invoke.DirectMethodHandle$Holder.invokeInterface(java.lang.Object, java.lang.Object, java.lang.Object)'> (0x0000000712803860) 
thrown [s\open\src\hotspot\share\interpreter\linkResolver.cpp, line 774]
Event: 1.418 Thread 0x000001678d6c8270 Exception <a 'java/lang/NoSuchMethodError'{0x0000000712476110}: 'void java.lang.invoke.DirectMethodHandle$Holder.invokeSpecial(java.lang.Object, java.lang.Object, java.lang.Object, java.lang.Object, java.lang.Object, java.lang.Object)'> (0x0000000712476110) 
thrown [s\open\src\hotspot\share\interpreter\linkResolver.cpp, line 774]
Event: 1.430 Thread 0x000001678d6c8270 Exception <a 'java/lang/NoSuchMethodError'{0x0000000712503b00}: 'long java.lang.invoke.DirectMethodHandle$Holder.invokeInterface(java.lang.Object, java.lang.Object)'> (0x0000000712503b00) 
thrown [s\open\src\hotspot\share\interpreter\linkResolver.cpp, line 774]
Event: 1.431 Thread 0x000001678d6c8270 Exception <a 'java/lang/NoSuchMethodError'{0x0000000712508108}: 'long java.lang.invoke.DelegatingMethodHandle$Holder.reinvoke_L(java.lang.Object, java.lang.Object)'> (0x0000000712508108) 
thrown [s\open\src\hotspot\share\interpreter\linkResolver.cpp, line 774]
Event: 3.361 Thread 0x000001678d6c8270 Exception <a 'java/lang/NoSuchMethodError'{0x00000007080e2640}: 'java.lang.Object java.lang.invoke.DirectMethodHandle$Holder.invokeSpecialIFC(java.lang.Object, java.lang.Object, java.lang.Object)'> (0x00000007080e2640) 
thrown [s\open\src\hotspot\share\interpreter\linkResolver.cpp, line 774]
Event: 3.428 Thread 0x000001678d6c8270 Exception <a 'java/lang/NoSuchMethodError'{0x0000000707f98fa0}: 'void java.lang.invoke.DelegatingMethodHandle$Holder.reinvoke_L(java.lang.Object, java.lang.Object, long)'> (0x0000000707f98fa0) 
thrown [s\open\src\hotspot\share\interpreter\linkResolver.cpp, line 774]
Event: 3.428 Thread 0x000001678d6c8270 Exception <a 'java/lang/NoSuchMethodError'{0x0000000707f9fd28}: 'long java.lang.invoke.Invokers$Holder.invokeExact_MT(java.lang.Object, java.lang.Object, java.lang.Object)'> (0x0000000707f9fd28) 
thrown [s\open\src\hotspot\share\interpreter\linkResolver.cpp, line 774]
Event: 3.429 Thread 0x000001678d6c8270 Exception <a 'java/lang/NoSuchMethodError'{0x0000000707fa7768}: 'void java.lang.invoke.DirectMethodHandle$Holder.invokeVirtual(java.lang.Object, java.lang.Object)'> (0x0000000707fa7768) 
thrown [s\open\src\hotspot\share\interpreter\linkResolver.cpp, line 774]
Event: 9.466 Thread 0x000001678d6c8270 Implicit null exception at 0x000001679d198c0c to 0x000001679d19924c
Event: 16.237 Thread 0x00000167b597fde0 Exception <a 'sun/net/ConnectionResetException'{0x0000000713a275c8}: Connection reset> (0x0000000713a275c8) 
thrown [s\open\src\hotspot\share\prims\jni.cpp, line 536]
Event: 21.643 Thread 0x000001678d6c8270 Exception <a 'java/lang/ClassNotFoundException'{0x000000070778e8c0}: sun/misc/SharedSecrets> (0x000000070778e8c0) 
thrown [s\open\src\hotspot\share\classfile\systemDictionary.cpp, line 255]
Event: 21.645 Thread 0x00000167b5b47930 Exception <a 'sun/net/ConnectionResetException'{0x0000000707444ee8}: Connection reset> (0x0000000707444ee8) 
thrown [s\open\src\hotspot\share\prims\jni.cpp, line 536]
Event: 24.330 Thread 0x00000167b5b48920 Exception <a 'sun/net/ConnectionResetException'{0x00000007075efed8}: Connection reset> (0x00000007075efed8) 
thrown [s\open\src\hotspot\share\prims\jni.cpp, line 536]
Event: 24.389 Thread 0x000001678d6c8270 Implicit null exception at 0x000001679d1682e9 to 0x000001679d1684a4
Event: 24.392 Thread 0x000001678d6c8270 Implicit null exception at 0x000001679d15362f to 0x000001679d1536a9

VM Operations (20 events):
Event: 10.391 Executing VM operation: Cleanup
Event: 10.391 Executing VM operation: Cleanup done
Event: 13.430 Executing VM operation: Cleanup
Event: 13.431 Executing VM operation: Cleanup done
Event: 16.454 Executing VM operation: Cleanup
Event: 16.455 Executing VM operation: Cleanup done
Event: 17.467 Executing VM operation: Cleanup
Event: 17.468 Executing VM operation: Cleanup done
Event: 18.471 Executing VM operation: Cleanup
Event: 18.471 Executing VM operation: Cleanup done
Event: 19.483 Executing VM operation: Cleanup
Event: 19.483 Executing VM operation: Cleanup done
Event: 22.520 Executing VM operation: Cleanup
Event: 22.520 Executing VM operation: Cleanup done
Event: 23.532 Executing VM operation: Cleanup
Event: 23.532 Executing VM operation: Cleanup done
Event: 24.545 Executing VM operation: Cleanup
Event: 24.545 Executing VM operation: Cleanup done
Event: 25.547 Executing VM operation: Cleanup
Event: 25.547 Executing VM operation: Cleanup done

Events (20 events):
Event: 21.708 Thread 0x00000167b5b4ae50 Thread exited: 0x00000167b5b4ae50
Event: 21.708 Thread 0x00000167b5b44410 Thread exited: 0x00000167b5b44410
Event: 21.830 Thread 0x00000167b5b47e80 Thread added: 0x00000167b5b47e80
Event: 21.833 Thread 0x00000167b5b49e60 Thread added: 0x00000167b5b49e60
Event: 21.833 Thread 0x00000167b5b46940 Thread added: 0x00000167b5b46940
Event: 21.895 Thread 0x00000167b5b4ae50 Thread added: 0x00000167b5b4ae50
Event: 21.895 Thread 0x00000167b5b44410 Thread added: 0x00000167b5b44410
Event: 21.899 Thread 0x00000167b5b48920 Thread added: 0x00000167b5b48920
Event: 24.348 Thread 0x00000167b5b46940 Thread exited: 0x00000167b5b46940
Event: 24.348 Thread 0x00000167b5b49e60 Thread exited: 0x00000167b5b49e60
Event: 24.348 Thread 0x00000167b5b47e80 Thread exited: 0x00000167b5b47e80
Event: 24.387 Thread 0x00000167b5b4ae50 Thread exited: 0x00000167b5b4ae50
Event: 24.387 Thread 0x00000167b5b44410 Thread exited: 0x00000167b5b44410
Event: 24.506 Thread 0x00000167b5b46940 Thread added: 0x00000167b5b46940
Event: 24.509 Thread 0x00000167b5b44960 Thread added: 0x00000167b5b44960
Event: 24.509 Thread 0x00000167b5b45ea0 Thread added: 0x00000167b5b45ea0
Event: 24.561 Thread 0x00000167b5b49e60 Thread added: 0x00000167b5b49e60
Event: 24.561 Thread 0x00000167b5b463f0 Thread added: 0x00000167b5b463f0
Event: 24.565 Thread 0x00000167b5b4ae50 Thread added: 0x00000167b5b4ae50
Event: 27.749 Thread 0x00000167b5b473e0 Thread added: 0x00000167b5b473e0


Dynamic libraries:
0x00007ff71b020000 - 0x00007ff71b030000 	C:\Program Files\Java\jdk-19\bin\javaw.exe
0x00007ffcceab0000 - 0x00007ffccecc4000 	C:\WINDOWS\SYSTEM32\ntdll.dll
0x00007ffccdd20000 - 0x00007ffccdde3000 	C:\WINDOWS\System32\KERNEL32.DLL
0x00007ffccc0b0000 - 0x00007ffccc44c000 	C:\WINDOWS\System32\KERNELBASE.dll
0x00007ffccc6e0000 - 0x00007ffccc7f1000 	C:\WINDOWS\System32\ucrtbase.dll
0x00007ffcba640000 - 0x00007ffcba658000 	C:\Program Files\Java\jdk-19\bin\jli.dll
0x00007ffcba490000 - 0x00007ffcba4ab000 	C:\Program Files\Java\jdk-19\bin\VCRUNTIME140.dll
0x00007ffcce850000 - 0x00007ffcce8fe000 	C:\WINDOWS\System32\ADVAPI32.dll
0x00007ffcce990000 - 0x00007ffccea37000 	C:\WINDOWS\System32\msvcrt.dll
0x00007ffccca20000 - 0x00007ffcccac4000 	C:\WINDOWS\System32\sechost.dll
0x00007ffccc900000 - 0x00007ffccca15000 	C:\WINDOWS\System32\RPCRT4.dll
0x00007ffccd400000 - 0x00007ffccd5ad000 	C:\WINDOWS\System32\USER32.dll
0x00007ffccc010000 - 0x00007ffccc036000 	C:\WINDOWS\System32\win32u.dll
0x00007ffca2e90000 - 0x00007ffca311e000 	C:\WINDOWS\WinSxS\amd64_microsoft.windows.common-controls_6595b64144ccf1df_6.0.22621.608_none_a9444ca7c10bb01d\COMCTL32.dll
0x00007ffccd8e0000 - 0x00007ffccd909000 	C:\WINDOWS\System32\GDI32.dll
0x00007ffccbef0000 - 0x00007ffccc003000 	C:\WINDOWS\System32\gdi32full.dll
0x00007ffccc450000 - 0x00007ffccc4ea000 	C:\WINDOWS\System32\msvcp_win.dll
0x00007ffcc1920000 - 0x00007ffcc192a000 	C:\WINDOWS\SYSTEM32\VERSION.dll
0x00007ffccc8c0000 - 0x00007ffccc8f1000 	C:\WINDOWS\System32\IMM32.DLL
0x00007ffcbb490000 - 0x00007ffcbb49c000 	C:\Program Files\Java\jdk-19\bin\vcruntime140_1.dll
0x00007ffcba400000 - 0x00007ffcba48e000 	C:\Program Files\Java\jdk-19\bin\msvcp140.dll
0x00007ffbf7900000 - 0x00007ffbf85c0000 	C:\Program Files\Java\jdk-19\bin\server\jvm.dll
0x00007ffcc0fb0000 - 0x00007ffcc0fe4000 	C:\WINDOWS\SYSTEM32\WINMM.dll
0x00007ffca4e40000 - 0x00007ffca4e49000 	C:\WINDOWS\SYSTEM32\WSOCK32.dll
0x00007ffccd380000 - 0x00007ffccd3f1000 	C:\WINDOWS\System32\WS2_32.dll
0x00007ffccaf00000 - 0x00007ffccaf18000 	C:\WINDOWS\SYSTEM32\kernel.appcore.dll
0x00007ffcbb170000 - 0x00007ffcbb17a000 	C:\Program Files\Java\jdk-19\bin\jimage.dll
0x00007ffcc97f0000 - 0x00007ffcc9a1e000 	C:\WINDOWS\SYSTEM32\DBGHELP.DLL
0x00007ffccd910000 - 0x00007ffccdc99000 	C:\WINDOWS\System32\combase.dll
0x00007ffccd5b0000 - 0x00007ffccd687000 	C:\WINDOWS\System32\OLEAUT32.dll
0x00007ffcbe260000 - 0x00007ffcbe292000 	C:\WINDOWS\SYSTEM32\dbgcore.DLL
0x00007ffccc4f0000 - 0x00007ffccc56b000 	C:\WINDOWS\System32\bcryptPrimitives.dll
0x00007ffcb95d0000 - 0x00007ffcb95f6000 	C:\Program Files\Java\jdk-19\bin\java.dll
0x00007ffcb2d40000 - 0x00007ffcb2e17000 	C:\Program Files\Java\jdk-19\bin\jsvml.dll
0x00007ffccde80000 - 0x00007ffcce670000 	C:\WINDOWS\System32\SHELL32.dll
0x00007ffcc9eb0000 - 0x00007ffcca77e000 	C:\WINDOWS\SYSTEM32\windows.storage.dll
0x00007ffcc9d70000 - 0x00007ffcc9eae000 	C:\WINDOWS\SYSTEM32\wintypes.dll
0x00007ffcce690000 - 0x00007ffcce781000 	C:\WINDOWS\System32\SHCORE.dll
0x00007ffcce790000 - 0x00007ffcce7ee000 	C:\WINDOWS\System32\shlwapi.dll
0x00007ffccbe20000 - 0x00007ffccbe41000 	C:\WINDOWS\SYSTEM32\profapi.dll
0x00007ffcb49a0000 - 0x00007ffcb49b3000 	C:\Program Files\Java\jdk-19\bin\net.dll
0x00007ffcc5990000 - 0x00007ffcc5abf000 	C:\WINDOWS\SYSTEM32\WINHTTP.dll
0x00007ffccb360000 - 0x00007ffccb3c9000 	C:\WINDOWS\system32\mswsock.dll
0x00007ffcb4980000 - 0x00007ffcb4996000 	C:\Program Files\Java\jdk-19\bin\nio.dll
0x00007ffcb4960000 - 0x00007ffcb4978000 	C:\Program Files\Java\jdk-19\bin\zip.dll
0x00007ffcbaf40000 - 0x00007ffcbaf50000 	C:\Program Files\Java\jdk-19\bin\verify.dll
0x00007ffccaa00000 - 0x00007ffccaaf3000 	C:\WINDOWS\SYSTEM32\DNSAPI.dll
0x00007ffcca9d0000 - 0x00007ffcca9fd000 	C:\WINDOWS\SYSTEM32\IPHLPAPI.DLL
0x00007ffcce680000 - 0x00007ffcce689000 	C:\WINDOWS\System32\NSI.dll
0x00007ffcbfdb0000 - 0x00007ffcbfdba000 	C:\Windows\System32\rasadhlp.dll
0x00007ffcbf540000 - 0x00007ffcbf5c3000 	C:\WINDOWS\System32\fwpuclnt.dll
0x00007ffcbb090000 - 0x00007ffcbb098000 	C:\Program Files\Java\jdk-19\bin\extnet.dll
0x00007ffccb680000 - 0x00007ffccb69b000 	C:\WINDOWS\SYSTEM32\CRYPTSP.dll
0x00007ffccae70000 - 0x00007ffccaea5000 	C:\WINDOWS\system32\rsaenh.dll
0x00007ffccb400000 - 0x00007ffccb428000 	C:\WINDOWS\SYSTEM32\USERENV.dll
0x00007ffccb8c0000 - 0x00007ffccb8e8000 	C:\WINDOWS\SYSTEM32\bcrypt.dll
0x00007ffccb660000 - 0x00007ffccb66c000 	C:\WINDOWS\SYSTEM32\CRYPTBASE.dll
0x00007ffcbfff0000 - 0x00007ffcc0009000 	C:\WINDOWS\SYSTEM32\dhcpcsvc6.DLL
0x00007ffcbffd0000 - 0x00007ffcbffef000 	C:\WINDOWS\SYSTEM32\dhcpcsvc.DLL
0x00007ffcc8b30000 - 0x00007ffcc8bc7000 	C:\WINDOWS\system32\apphelp.dll
0x00007ffcc7140000 - 0x00007ffcc714a000 	C:\Program Files\Java\jdk-19\bin\management.dll
0x00007ffcc7120000 - 0x00007ffcc712b000 	C:\Program Files\Java\jdk-19\bin\management_ext.dll
0x00007ffcce670000 - 0x00007ffcce678000 	C:\WINDOWS\System32\PSAPI.DLL
0x00007ffcbb0a0000 - 0x00007ffcbb0ae000 	C:\Program Files\Java\jdk-19\bin\sunmscapi.dll
0x00007ffccc570000 - 0x00007ffccc6d6000 	C:\WINDOWS\System32\CRYPT32.dll
0x00007ffccb890000 - 0x00007ffccb8bd000 	C:\WINDOWS\SYSTEM32\ncrypt.dll
0x00007ffccb850000 - 0x00007ffccb887000 	C:\WINDOWS\SYSTEM32\NTASN1.dll
0x00007ffcc70a0000 - 0x00007ffcc70a8000 	C:\WINDOWS\system32\wshunix.dll
0x00007ffcc6670000 - 0x00007ffcc6687000 	C:\WINDOWS\system32\napinsp.dll
0x00007ffcc6650000 - 0x00007ffcc666b000 	C:\WINDOWS\system32\pnrpnsp.dll
0x00007ffcc6630000 - 0x00007ffcc6641000 	C:\WINDOWS\System32\winrnr.dll
0x00007ffcc11e0000 - 0x00007ffcc11f5000 	C:\WINDOWS\system32\wshbth.dll
0x00007ffcc6600000 - 0x00007ffcc6621000 	C:\WINDOWS\system32\nlansp_c.dll

dbghelp: loaded successfully - version: 4.0.5 - missing functions: none
symbol engine: initialized successfully - sym options: 0x614 - pdb path: .;C:\Program Files\Java\jdk-19\bin;C:\WINDOWS\SYSTEM32;C:\WINDOWS\WinSxS\amd64_microsoft.windows.common-controls_6595b64144ccf1df_6.0.22621.608_none_a9444ca7c10bb01d;C:\Program Files\Java\jdk-19\bin\server

VM Arguments:
jvm_args: -ea -Dfile.encoding=UTF-8 -XX:+ShowCodeDetailsInExceptionMessages 
java_command: org.testng.remote.RemoteTestNG -serport 54612 -protocol json -d C:\Users\uvoja\639Batch\Selenium_vandna\test-output C:\Users\uvoja\639Batch\Selenium_vandna\testng.xml
java_class_path (initial): C:\Users\uvoja\eclipse\jee-2022-12\eclipse\configuration\org.eclipse.osgi\920\0\.cp\lib\testng-remote.jar;C:\Users\uvoja\639Batch\Selenium_vandna\target\test-classes;C:\Users\uvoja\639Batch\Selenium_vandna\target\classes;C:\Users\uvoja\.m2\repository\org\seleniumhq\selenium\selenium-server\4.0.0-alpha-2\selenium-server-4.0.0-alpha-2.jar;C:\Users\uvoja\.m2\repository\org\seleniumhq\selenium\grid\4.0.0-alpha-2\grid-4.0.0-alpha-2.jar;C:\Users\uvoja\.m2\repository\org\seleniumhq\selenium\selenium-edgehtml-driver\4.0.0-alpha-2\selenium-edgehtml-driver-4.0.0-alpha-2.jar;C:\Users\uvoja\.m2\repository\org\seleniumhq\selenium\jetty-repacked\9.4.12.v20180830.1\jetty-repacked-9.4.12.v20180830.1.jar;C:\Users\uvoja\.m2\repository\javax\servlet\javax.servlet-api\3.1.0\javax.servlet-api-3.1.0.jar;C:\Users\uvoja\.m2\repository\org\zeromq\jeromq\0.5.1\jeromq-0.5.1.jar;C:\Users\uvoja\.m2\repository\eu\neilalexander\jnacl\1.0.0\jnacl-1.0.0.jar;C:\Users\uvoja\.m2\repository\net\jcip\jcip-annotations\1.0\jcip-annotations-1.0.jar;C:\Users\uvoja\.m2\repository\org\yaml\snakeyaml\1.24\snakeyaml-1.24.jar;C:\Users\uvoja\.m2\repository\org\seleniumhq\selenium\selenium-java\4.8.0\selenium-java-4.8.0.jar;C:\Users\uvoja\.m2\repository\org\seleniumhq\selenium\selenium-api\4.8.0\selenium-api-4.8.0.jar;C:\Users\uvoja\.m2\repository\org\seleniumhq\selenium\selenium-chrome-driver\4.8.0\selenium-chrome-driver-4.8.0.jar;C:\Users\uvoja\.m2\repository\com\google\auto\service\auto-service-annotations\1.0.1\auto-service-annotations-1.0.1.jar;C:\Users\uvoja\.m2\repository\com\google\auto\service\auto-service\1.0.1\auto-service-1.0.1.jar;C:\Users\uvoja\.m2\repository\com\google\auto\auto-common\1.2\auto-common-1.2.jar;C:\Users\uvoja\.m2\repository\com\google\guava\guava\31.1-jre\guava-31.1-jre.jar;C:\Users\uvoja\.m2\repository\com\google\guava\failureaccess\1.0.1\failureaccess-1.0.1.jar;C:\Users\uvoja\.m2\repository\com\google\guava\listenablefuture\9999.0-empty-to-avoid-conflict-with-guava\listenablefuture-9999.0-empty-to-avoid-conflict-with-guava.jar;C:\Users\uvoja\.m2\repository\com\google\code\findbugs\jsr305\3.0.2\jsr305-3.0.2.jar;C:\Users\uvoja\.m2\repository\org\checkerframework\checker-qual\3.12.0\checker-qual-3.12.0.jar;C:\Users\uvoja\.m2\repository\com\google\errorprone\error_prone_annotations\2.11.0\error_prone_annotations-2.11.0.jar;C:\Users\uvoja\.m2\repository\com\google\j2objc\j2objc-annotations\1.3\j2objc-annotations-1.3.jar;C:\Users\uvoja\.m2\repository\org\seleniumhq\selenium\selenium-chromium-driver\4.8.0\selenium-chromium-driver-4.8.0.jar;C:\Users\uvoja\.m2\repository\org\seleniumhq\selenium\selenium-json\4.8.0\selenium-json-4.8.0.jar;C:\Users\uvoja\.m2\repository\org\seleniumhq\selenium\selenium-devtools-v107\4.8.0\selenium-devtools-v107-4.8.0.jar;C:\Users\uvoja\.m2\repository\org\seleniumhq\selenium\selenium-devtools-v108\4.8.0\selenium-devtools-v108-4.8.0.jar;C:\Users\uvoja\.m2\repository\org\seleniumhq\selenium\selenium-devtools-v109\4.8.0\selenium-devtools-v109-4.8.0.jar;C:\Users\uvoja\.m2\repository\org\seleniumhq\selenium\selenium-devtools-v85\4.8.0\selenium-devtools-v85-4.8.0.jar;C:\Users\uvoja\.m2\repository\org\seleniumhq\selenium\selenium-edge-driver\4.8.0\selenium-edge-driver-4.8.0.jar;C:\Users\uvoja\.m2\repository\org\seleniumhq\selenium\selenium-firefox-driver\4.8.0\selenium-firefox-driver-4.8.0.jar;C:\Users\uvoja\.m2\repository\org\seleniumhq\selenium\selenium-http\4.8.0\selenium-http-4.8.0.jar;C:\Users\uvoja\.m2\repository\dev\failsafe\failsafe\3.3.0\failsafe-3.3.0.jar;C:\Users\uvoja\.m2\repository\org\seleniumhq\selenium\selenium-ie-driver\4.8.0\selenium-ie-driver-4.8.0.jar;C:\Users\uvoja\.m2\repository\org\seleniumhq\selenium\selenium-remote-driver\4.8.0\selenium-remote-driver-4.8.0.jar;C:\Users\uvoja\.m2\repository\io\netty\netty-buffer\4.1.87.Final\netty-buffer-4.1.87.Final.jar;C:\Users\uvoja\.m2\repository\io\netty\netty-codec-http\4.1.87.Final\netty-codec-http-4.1.87.Final.jar;C:\Users\uvoja\.m2\repository\io\netty\netty-codec\4.1.87.Final\netty-codec-4.1.87.Final.jar;C:\Users\uvoja\.m2\repository\io\netty\netty-handler\4.1.87.Final\netty-handler-4.1.87.Final.jar;C:\Users\uvoja\.m2\repository\io\netty\netty-common\4.1.87.Final\netty-common-4.1.87.Final.jar;C:\Users\uvoja\.m2\repository\io\netty\netty-transport-classes-epoll\4.1.87.Final\netty-transport-classes-epoll-4.1.87.Final.jar;C:\Users\uvoja\.m2\repository\io\netty\netty-transport-classes-kqueue\4.1.87.Final\netty-transport-classes-kqueue-4.1.87.Final.jar;C:\Users\uvoja\.m2\repository\io\netty\netty-transport-native-epoll\4.1.87.Final\netty-transport-native-epoll-4.1.87.Final.jar;C:\Users\uvoja\.m2\repository\io\netty\netty-transport-native-kqueue\4.1.87.Final\netty-transport-native-kqueue-4.1.87.Final.jar;C:\Users\uvoja\.m2\repository\io\netty\netty-transport-native-unix-common\4.1.87.Final\netty-transport-native-unix-common-4.1.87.Final.jar;C:\Users\uvoja\.m2\repository\io\netty\netty-transport\4.1.87.Final\netty-transport-4.1.87.Final.jar;C:\Users\uvoja\.m2\repository\io\netty\netty-resolver\4.1.87.Final\netty-resolver-4.1.87.Final.jar;C:\Users\uvoja\.m2\repository\io\opentelemetry\opentelemetry-api\1.22.0\opentelemetry-api-1.22.0.jar;C:\Users\uvoja\.m2\repository\io\opentelemetry\opentelemetry-context\1.22.0\opentelemetry-context-1.22.0.jar;C:\Users\uvoja\.m2\repository\io\opentelemetry\opentelemetry-exporter-logging\1.22.0\opentelemetry-exporter-logging-1.22.0.jar;C:\Users\uvoja\.m2\repository\io\opentelemetry\opentelemetry-sdk-metrics\1.22.0\opentelemetry-sdk-metrics-1.22.0.jar;C:\Users\uvoja\.m2\repository\io\opentelemetry\opentelemetry-sdk-logs\1.22.0-alpha\opentelemetry-sdk-logs-1.22.0-alpha.jar;C:\Users\uvoja\.m2\repository\io\opentelemetry\opentelemetry-api-logs\1.22.0-alpha\opentelemetry-api-logs-1.22.0-alpha.jar;C:\Users\uvoja\.m2\repository\io\opentelemetry\opentelemetry-sdk-common\1.22.0\opentelemetry-sdk-common-1.22.0.jar;C:\Users\uvoja\.m2\repository\io\opentelemetry\opentelemetry-sdk-extension-autoconfigure-spi\1.22.0\opentelemetry-sdk-extension-autoconfigure-spi-1.22.0.jar;C:\Users\uvoja\.m2\repository\io\opentelemetry\opentelemetry-sdk-extension-autoconfigure\1.22.0-alpha\opentelemetry-sdk-extension-autoconfigure-1.22.0-alpha.jar;C:\Users\uvoja\.m2\repository\io\opentelemetry\opentelemetry-sdk-trace\1.22.0\opentelemetry-sdk-trace-1.22.0.jar;C:\Users\uvoja\.m2\repository\io\opentelemetry\opentelemetry-sdk\1.22.0\opentelemetry-sdk-1.22.0.jar;C:\Users\uvoja\.m2\repository\io\opentelemetry\opentelemetry-semconv\1.22.0-alpha\opentelemetry-semconv-1.22.0-alpha.jar;C:\Users\uvoja\.m2\repository\io\ous\jtoml\2.0.0\jtoml-2.0.0.jar;C:\Users\uvoja\.m2\repository\net\bytebuddy\byte-buddy\1.12.22\byte-buddy-1.12.22.jar;C:\Users\uvoja\.m2\repository\org\apache\commons\commons-exec\1.3\commons-exec-1.3.jar;C:\Users\uvoja\.m2\repository\org\asynchttpclient\async-http-client\2.12.3\async-http-client-2.12.3.jar;C:\Users\uvoja\.m2\repository\org\asynchttpclient\async-http-client-netty-utils\2.12.3\async-http-client-netty-utils-2.12.3.jar;C:\Users\uvoja\.m2\repository\io\netty\netty-codec-socks\4.1.60.Final\netty-codec-socks-4.1.60.Final.jar;C:\Users\uvoja\.m2\repository\io\netty\netty-handler-proxy\4.1.60.Final\netty-handler-proxy-4.1.60.Final.jar;C:\Users\uvoja\.m2\repository\io\netty\netty-transport-native-epoll\4.1.60.Final\netty-transport-native-epoll-4.1.60.Final-linux-x86_64.jar;C:\Users\uvoja\.m2\repository\io\netty\netty-transport-native-kqueue\4.1.60.Final\netty-transport-native-kqueue-4.1.60.Final-osx-x86_64.jar;C:\Users\uvoja\.m2\repository\org\reactivestreams\reactive-streams\1.0.3\reactive-streams-1.0.3.jar;C:\Users\uvoja\.m2\repository\com\typesafe\netty\netty-reactive-streams\2.0.4\netty-reactive-streams-2.0.4.jar;C:\Users\uvoja\.m2\repository\com\sun\activation\jakarta.activation\1.2.2\jakarta.activation-1.2.2.jar;C:\Users\uvoja\.m2\repository\org\seleniumhq\selenium\selenium-manager\4.8.0\selenium-manager-4.8.0.jar;C:\Users\uvoja\.m2\repository\org\seleniumhq\selenium\selenium-safari-driver\4.8.0\selenium-safari-driver-4.8.0.jar;C:\Users\uvoja\.m2\repository\org\seleniumhq\selenium\selenium-support\4.8.0\selenium-support-4.8.0.jar;C:\Users\uvoja\.m2\repository\org\testng\testng\7.7.1\testng-7.7.1.jar;C:\Users\uvoja\.m2\repository\org\slf4j\slf4j-api\1.7.36\slf4j-api-1.7.36.jar;C:\Users\uvoja\.m2\repository\com\beust\jcommander\1.82\jcommander-1.82.jar;C:\Users\uvoja\.m2\repository\org\webjars\jquery\3.6.1\jquery-3.6.1.jar;C:\Users\uvoja\.m2\repository\org\apache\poi\poi\5.2.3\poi-5.2.3.jar;C:\Users\uvoja\.m2\repository\commons-codec\commons-codec\1.15\commons-codec-1.15.jar;C:\Users\uvoja\.m2\repository\org\apache\commons\commons-collections4\4.4\commons-collections4-4.4.jar;C:\Users\uvoja\.m2\repository\org\apache\commons\commons-math3\3.6.1\commons-math3-3.6.1.jar;C:\Users\uvoja\.m2\repository\commons-io\commons-io\2.11.0\commons-io-2.11.0.jar;C:\Users\uvoja\.m2\repository\com\zaxxer\SparseBitSet\1.2\SparseBitSet-1.2.jar;C:\Users\uvoja\.m2\repository\org\apache\logging\log4j\log4j-api\2.18.0\log4j-api-2.18.0.jar;C:\Users\uvoja\.m2\repository\org\apache\poi\poi-ooxml\5.2.3\poi-ooxml-5.2.3.jar;C:\Users\uvoja\.m2\repository\org\apache\poi\poi-ooxml-lite\5.2.3\poi-ooxml-lite-5.2.3.jar;C:\Users\uvoja\.m2\repository\org\apache\xmlbeans\xmlbeans\5.1.1\xmlbeans-5.1.1.jar;C:\Users\uvoja\.m2\repository\org\apache\commons\commons-compress\1.21\commons-compress-1.21.jar;C:\Users\uvoja\.m2\repository\com\github\virtuald\curvesapi\1.07\curvesapi-1.07.jar;C:\Users\uvoja\.m2\repository\org\apache\poi\poi-ooxml-schemas\4.1.2\poi-ooxml-schemas-4.1.2.jar;C:\Users\uvoja\.m2\repository\org\apache\poi\poi-scratchpad\5.2.3\poi-scratchpad-5.2.3.jar
Launcher Type: SUN_STANDARD

[Global flags]
     intx CICompilerCount                          = 4                                         {product} {ergonomic}
     uint ConcGCThreads                            = 2                                         {product} {ergonomic}
     uint G1ConcRefinementThreads                  = 8                                         {product} {ergonomic}
   size_t G1HeapRegionSize                         = 2097152                                   {product} {ergonomic}
    uintx GCDrainStackTargetSize                   = 64                                        {product} {ergonomic}
   size_t InitialHeapSize                          = 264241152                                 {product} {ergonomic}
   size_t MarkStackSize                            = 4194304                                   {product} {ergonomic}
   size_t MaxHeapSize                              = 4227858432                                {product} {ergonomic}
   size_t MaxNewSize                               = 2535456768                                {product} {ergonomic}
   size_t MinHeapDeltaBytes                        = 2097152                                   {product} {ergonomic}
   size_t MinHeapSize                              = 8388608                                   {product} {ergonomic}
    uintx NonNMethodCodeHeapSize                   = 5839372                                {pd product} {ergonomic}
    uintx NonProfiledCodeHeapSize                  = 122909434                              {pd product} {ergonomic}
    uintx ProfiledCodeHeapSize                     = 122909434                              {pd product} {ergonomic}
    uintx ReservedCodeCacheSize                    = 251658240                              {pd product} {ergonomic}
     bool SegmentedCodeCache                       = true                                      {product} {ergonomic}
     bool ShowCodeDetailsInExceptionMessages       = true                                   {manageable} {command line}
   size_t SoftMaxHeapSize                          = 4227858432                             {manageable} {ergonomic}
     bool UseCompressedClassPointers               = true                           {product lp64_product} {ergonomic}
     bool UseCompressedOops                        = true                           {product lp64_product} {ergonomic}
     bool UseG1GC                                  = true                                      {product} {ergonomic}
     bool UseLargePagesIndividualAllocation        = false                                  {pd product} {ergonomic}

Logging:
Log output configuration:
 #0: stdout all=warning uptime,level,tags foldmultilines=false
 #1: stderr all=off uptime,level,tags foldmultilines=false

Environment Variables:
PATH=C:\Program Files\Common Files\Oracle\Java\javapath;C:\WINDOWS\system32;C:\WINDOWS;C:\WINDOWS\System32\Wbem;C:\WINDOWS\System32\WindowsPowerShell\v1.0\;C:\WINDOWS\System32\OpenSSH\;C:\Program Files\dotnet\;C:\Program Files\Git\cmd;C:\Program Files\maven\apache-maven-3.9.0\bin;C:\Program Files\maven\apache-maven-3.9.0;C:\Users\uvoja\AppData\Local\Microsoft\WindowsApps;
USERNAME=uvoja
OS=Windows_NT
PROCESSOR_IDENTIFIER=Intel64 Family 6 Model 140 Stepping 2, GenuineIntel
TMP=C:\Users\uvoja\AppData\Local\Temp
TEMP=C:\Users\uvoja\AppData\Local\Temp



---------------  S Y S T E M  ---------------

OS:
 Windows 11 , 64 bit Build 22621 (10.0.22621.1344)
OS uptime: 3 days 14:18 hours
Hyper-V role detected

CPU: total 8 (initial active 8) (4 cores per cpu, 2 threads per core) family 6 model 140 stepping 2 microcode 0x26, cx8, cmov, fxsr, ht, mmx, 3dnowpref, sse, sse2, sse3, ssse3, sse4.1, sse4.2, popcnt, lzcnt, tsc, tscinvbit, avx, avx2, aes, erms, clmul, bmi1, bmi2, adx, avx512f, avx512dq, avx512cd, avx512bw, avx512vl, sha, fma, vzeroupper, avx512_vpopcntdq, avx512_vpclmulqdq, avx512_vaes, avx512_vnni, clflush, clflushopt, clwb, avx512_vbmi2, avx512_vbmi, hv, rdtscp, rdpid, fsrm, gfni, avx512_bitalg

Memory: 4k page, system-wide physical 16122M (522M free)
TotalPageFile size 49415M (AvailPageFile size 2M)
current process WorkingSet (physical memory assigned to process): 166M, peak: 166M
current process commit charge ("private bytes"): 231M, peak: 393M

vm_info: Java HotSpot(TM) 64-Bit Server VM (19.0.1+10-21) for windows-amd64 JRE (19.0.1+10-21), built on 2022-09-14T12:45:06Z by "mach5one" with MS VC++ 17.1 (VS2022)

END.
